2024-06-12 09:19:51,807 Interface.Program - Launching Luminis version 2.0.1.1
2024-06-12 09:19:51,807 Interface.Program - Slicer version 1.0.7.0
2024-06-12 09:19:52,372 Interface.Program - Checking license.
2024-06-12 09:19:52,372 Interface.Program - No license found, opening license validator.
2024-06-12 09:19:58,066 Interface.Program - Valid license loaded. Copied C:\Workspace\Tools\thibaudLuminis.lic to C:\Workspace\ML3D\Luminis\Interface\bin\x64\Release\LICENCE.lic.
2024-06-12 09:19:58,070 Interface.Program - License valid for Luminis v10.0 or below
Additional modules activated:
	MachineControl
	LargeXY
	LargeZ
2024-06-12 09:19:59,202 Interface.src.views.Engine3DView - Initialized 3D engine with OpenGL 4.6.0 - Build 31.0.101.5333, Intel, Intel(R) Arc(TM) Graphics, GLSL 4.60 - Build 31.0.101.5333
2024-06-12 09:19:59,218 Interface.src.views.Engine3DView - Compiling "screen" shader...
2024-06-12 09:19:59,218 Interface.src.views.Engine3DView - Creating screen shader material...
2024-06-12 09:19:59,218 Interface.src.views.Engine3DView - camera...
2024-06-12 09:19:59,218 Interface.src.views.Engine3DView - camera orbiter...
2024-06-12 09:19:59,218 Interface.src.views.Engine3DView - lights...
2024-06-12 09:19:59,218 Interface.src.views.Engine3DView - viewport...
2024-06-12 09:19:59,234 Interface.src.views.Engine3DView - Compiling "unlit" shader...
2024-06-12 09:19:59,234 Interface.src.views.Engine3DView - Compiling "task" shader...
2024-06-12 09:19:59,234 Interface.src.views.Engine3DView - Compiling "phong" shader...
2024-06-12 09:19:59,234 Interface.src.views.Engine3DView - Compiling "axes" shader...
2024-06-12 09:19:59,234 Interface.src.views.Engine3DView - Compiling "grid" shader...
2024-06-12 09:19:59,234 Interface.src.views.Engine3DView - Compiling "visual_task_simulation" shader...
2024-06-12 09:19:59,234 Interface.src.views.Engine3DView - Compiling "task_simulation" shader...
2024-06-12 09:20:05,540 Interface.Program - Error occured in controller "µFAB-3D": La méthode 'get_FocusQuality' du type 'ML3DAutoFocus.AutoFocus2PP' de l'assembly 'ML3DAutoFocus, Version=0.6.0.0, Culture=neutral, PublicKeyToken=null' n'a pas d'implémentation.

2024-06-12 09:20:11,157 Interface.Program - Error occured in controller "": Impossible de charger le fichier ou l'assembly 'NationalInstruments.DAQmx, Version=21.3.45.49317, Culture=neutral, PublicKeyToken=4febd62461bf11a4' ou une de ses dépendances. Tentative de chargement d’un programme de format incorrect.
   à ML3DNIDaqMXController.NIDaqMXController.<terminate>b__145_0()
   à System.Threading.Tasks.Task.Execute()
