log4net: log4net assembly [log4net, Version=2.0.15.0, Culture=neutral, PublicKeyToken=669e0ddf0bb1aa2a]. Loaded from [C:\Workspace\ML3D\Luminis\Interface\bin\Luminis2.0.1.3\x86\log4net.dll]. (.NET Runtime [4.0.30319.42000] on Microsoft Windows NT 6.2.9200.0)
log4net: defaultRepositoryType [log4net.Repository.Hierarchy.Hierarchy]
log4net: Creating repository for assembly [Luminis, Version=2.0.1.1, Culture=neutral, PublicKeyToken=null]
log4net: Assembly [Luminis, Version=2.0.1.1, Culture=neutral, PublicKeyToken=null] Loaded From [C:\Workspace\ML3D\Luminis\Interface\bin\Luminis2.0.1.3\x86\Luminis.exe]
log4net: Assembly [Luminis, Version=2.0.1.1, Culture=neutral, PublicKeyToken=null] does not have a RepositoryAttribute specified.
log4net: Assembly [Luminis, Version=2.0.1.1, Culture=neutral, PublicKeyToken=null] using repository [log4net-default-repository] and repository type [log4net.Repository.Hierarchy.Hierarchy]
log4net: Creating repository [log4net-default-repository] using type [log4net.Repository.Hierarchy.Hierarchy]
log4net: configuring repository [log4net-default-repository] using file [C:\Workspace\ML3D\Luminis\Interface\bin\Luminis2.0.1.3\x86\log4net.config]
log4net: configuring repository [log4net-default-repository] using stream
log4net: loading XML configuration
log4net: Configuring Repository [log4net-default-repository]
log4net: Configuration update mode [Merge].
log4net: Logger [root] Level string is [ALL].
log4net: Logger [root] level set to [name="ALL",value=-2147483648].
log4net: Loading Appender [console] type: [log4net.Appender.ConsoleAppender]
log4net: Converter [message] Option [] Format [min=-1,max=2147483647,leftAlign=False]
log4net: Converter [newline] Option [] Format [min=-1,max=2147483647,leftAlign=False]
log4net: Setting Property [ConversionPattern] to String value [%date %level %logger - %message%newline]
log4net: Converter [date] Option [] Format [min=-1,max=2147483647,leftAlign=False]
log4net: Converter [literal] Option [ ] Format [min=-1,max=2147483647,leftAlign=False]
log4net: Converter [level] Option [] Format [min=-1,max=2147483647,leftAlign=False]
log4net: Converter [literal] Option [ ] Format [min=-1,max=2147483647,leftAlign=False]
log4net: Converter [logger] Option [] Format [min=-1,max=2147483647,leftAlign=False]
log4net: Converter [literal] Option [ - ] Format [min=-1,max=2147483647,leftAlign=False]
log4net: Converter [message] Option [] Format [min=-1,max=2147483647,leftAlign=False]
log4net: Converter [newline] Option [] Format [min=-1,max=2147483647,leftAlign=False]
log4net: Setting Property [Layout] to object [log4net.Layout.PatternLayout]
log4net: Created Appender [console]
log4net: Adding appender named [console] to logger [root].
log4net: Loading Appender [session] type: [log4net.Appender.RollingFileAppender]
log4net: Setting Property [File] to String value [logs/session.log]
log4net: Setting Property [AppendToFile] to Boolean value [False]
log4net: Setting Property [RollingStyle] to RollingMode value [Size]
log4net: Setting Property [MaxSizeRollBackups] to Int32 value [2]
log4net: Setting Property [MaximumFileSize] to String value [1GB]
log4net: Converter [message] Option [] Format [min=-1,max=2147483647,leftAlign=False]
log4net: Converter [newline] Option [] Format [min=-1,max=2147483647,leftAlign=False]
log4net: Setting Property [ConversionPattern] to String value [%date %logger - %message%newline]
log4net: Converter [date] Option [] Format [min=-1,max=2147483647,leftAlign=False]
log4net: Converter [literal] Option [ ] Format [min=-1,max=2147483647,leftAlign=False]
log4net: Converter [logger] Option [] Format [min=-1,max=2147483647,leftAlign=False]
log4net: Converter [literal] Option [ - ] Format [min=-1,max=2147483647,leftAlign=False]
log4net: Converter [message] Option [] Format [min=-1,max=2147483647,leftAlign=False]
log4net: Converter [newline] Option [] Format [min=-1,max=2147483647,leftAlign=False]
log4net: Setting Property [Layout] to object [log4net.Layout.PatternLayout]
log4net: Setting Property [LevelMin] to Level value [INFO]
log4net: Setting Property [LevelMax] to Level value [FATAL]
log4net: Setting Collection Property [AddFilter] to object [log4net.Filter.LevelRangeFilter]
log4net: Searched for existing files in [C:\Workspace\ML3D\Luminis\Interface\bin\Luminis2.0.1.3\x86\logs]
log4net: curSizeRollBackups starts at [0]
log4net: Opening file for writing [C:\Workspace\ML3D\Luminis\Interface\bin\Luminis2.0.1.3\x86\logs\session.log] append [False]
log4net: Created Appender [session]
log4net: Adding appender named [session] to logger [root].
log4net: Loading Appender [errors] type: [log4net.Appender.RollingFileAppender]
log4net: Setting Property [File] to String value [logs/errors.log]
log4net: Setting Property [AppendToFile] to Boolean value [True]
log4net: Setting Property [RollingStyle] to RollingMode value [Size]
log4net: Setting Property [MaxSizeRollBackups] to Int32 value [-1]
log4net: Setting Property [MaximumFileSize] to String value [10MB]
log4net: Setting Property [StaticLogFileName] to Boolean value [True]
log4net: Converter [message] Option [] Format [min=-1,max=2147483647,leftAlign=False]
log4net: Converter [newline] Option [] Format [min=-1,max=2147483647,leftAlign=False]
log4net: Setting Property [ConversionPattern] to String value [%logger %date %level - %message%newline]
log4net: Converter [logger] Option [] Format [min=-1,max=2147483647,leftAlign=False]
log4net: Converter [literal] Option [ ] Format [min=-1,max=2147483647,leftAlign=False]
log4net: Converter [date] Option [] Format [min=-1,max=2147483647,leftAlign=False]
log4net: Converter [literal] Option [ ] Format [min=-1,max=2147483647,leftAlign=False]
log4net: Converter [level] Option [] Format [min=-1,max=2147483647,leftAlign=False]
log4net: Converter [literal] Option [ - ] Format [min=-1,max=2147483647,leftAlign=False]
log4net: Converter [message] Option [] Format [min=-1,max=2147483647,leftAlign=False]
log4net: Converter [newline] Option [] Format [min=-1,max=2147483647,leftAlign=False]
log4net: Setting Property [Layout] to object [log4net.Layout.PatternLayout]
log4net: Setting Property [LevelMin] to Level value [ERROR]
log4net: Setting Property [LevelMax] to Level value [FATAL]
log4net: Setting Collection Property [AddFilter] to object [log4net.Filter.LevelRangeFilter]
log4net: Searched for existing files in [C:\Workspace\ML3D\Luminis\Interface\bin\Luminis2.0.1.3\x86\logs]
log4net: curSizeRollBackups starts at [0]
log4net: Opening file for writing [C:\Workspace\ML3D\Luminis\Interface\bin\Luminis2.0.1.3\x86\logs\errors.log] append [True]
log4net: Created Appender [errors]
log4net: Adding appender named [errors] to logger [root].
log4net: Hierarchy Threshold []
log4net: Shutdown called on Hierarchy [log4net-default-repository]
