2024-06-12 09:49:08,755 Interface.Program - Launching Luminis version 2.0.1.0
2024-06-12 09:49:08,762 Interface.Program - Slicer version 1.0.7.0
2024-06-12 09:49:08,804 Interface.Program - Checking license.
2024-06-12 09:49:08,837 Interface.Program - License valid for Luminis v10.0 or below
Additional modules activated:
	MachineControl
	LargeXY
	LargeZ
2024-06-12 09:49:09,092 Interface.src.views.Engine3DView - Initialized 3D engine with OpenGL 4.6.0 - Build 31.0.101.5333, Intel, Intel(R) Arc(TM) Graphics, GLSL 4.60 - Build 31.0.101.5333
2024-06-12 09:49:09,094 Interface.src.views.Engine3DView - Compiling "screen" shader...
2024-06-12 09:49:09,097 Interface.src.views.Engine3DView - Creating screen shader material...
2024-06-12 09:49:09,101 Interface.src.views.Engine3DView - camera...
2024-06-12 09:49:09,101 Interface.src.views.Engine3DView - camera orbiter...
2024-06-12 09:49:09,102 Interface.src.views.Engine3DView - lights...
2024-06-12 09:49:09,103 Interface.src.views.Engine3DView - viewport...
2024-06-12 09:49:09,105 Interface.src.views.Engine3DView - Compiling "unlit" shader...
2024-06-12 09:49:09,106 Interface.src.views.Engine3DView - Compiling "task" shader...
2024-06-12 09:49:09,107 Interface.src.views.Engine3DView - Compiling "phong" shader...
2024-06-12 09:49:09,110 Interface.src.views.Engine3DView - Compiling "axes" shader...
2024-06-12 09:49:09,110 Interface.src.views.Engine3DView - Compiling "grid" shader...
2024-06-12 09:49:09,111 Interface.src.views.Engine3DView - Compiling "visual_task_simulation" shader...
2024-06-12 09:49:09,112 Interface.src.views.Engine3DView - Compiling "task_simulation" shader...
2024-06-12 09:49:10,404 Interface.Program - Error occured in controller "": Impossible de charger le fichier ou l'assembly 'NationalInstruments.DAQmx, Version=21.3.45.49317, Culture=neutral, PublicKeyToken=4febd62461bf11a4' ou une de ses dépendances. Tentative de chargement d’un programme de format incorrect.
   à ML3DNIDaqMXController.NIDaqMXController.<initialize>b__122_0()
   à System.Threading.Tasks.Task.Execute()
2024-06-12 09:49:10,405 Interface.Program - Error occured in controller "Large stage": Device Large stage not found
   à ML3DAsiStageController.AsiStageController.<initialize>b__80_0()
   à System.Threading.Tasks.Task.Execute()
