2024-08-02 13:43:02,459 Interface.Program - Launching Luminis version 2.0.1.1
2024-08-02 13:43:02,491 Interface.Program - Slicer version 1.0.7.0
2024-08-02 13:43:02,632 Interface.Program - Checking license.
2024-08-02 13:43:02,679 Interface.Program - License valid for Luminis v4 or below
2024-08-02 13:43:03,134 Interface.src.views.Engine3DView - Initialized 3D engine with OpenGL 3.3.0 NVIDIA 552.23, NVIDIA Corporation, NVIDIA T1000/PCIe/SSE2, GLSL 3.30 NVIDIA via Cg compiler
2024-08-02 13:43:03,134 Interface.src.views.Engine3DView - Compiling "screen" shader...
2024-08-02 13:43:03,181 Interface.src.views.Engine3DView - Creating screen shader material...
2024-08-02 13:43:03,181 Interface.src.views.Engine3DView - camera...
2024-08-02 13:43:03,181 Interface.src.views.Engine3DView - camera orbiter...
2024-08-02 13:43:03,181 Interface.src.views.Engine3DView - lights...
2024-08-02 13:43:03,181 Interface.src.views.Engine3DView - viewport...
2024-08-02 13:43:03,197 Interface.src.views.Engine3DView - Compiling "unlit" shader...
2024-08-02 13:43:03,197 Interface.src.views.Engine3DView - Compiling "task" shader...
2024-08-02 13:43:03,197 Interface.src.views.Engine3DView - Compiling "phong" shader...
2024-08-02 13:43:03,212 Interface.src.views.Engine3DView - Compiling "axes" shader...
2024-08-02 13:43:03,212 Interface.src.views.Engine3DView - Compiling "grid" shader...
2024-08-02 13:43:03,221 Interface.src.views.Engine3DView - Compiling "visual_task_simulation" shader...
2024-08-02 13:43:03,228 Interface.src.views.Engine3DView - Compiling "task_simulation" shader...
2024-08-02 13:43:17,908 Interface.src.presenters.FileImporters.FileLoadingPresenter - Loaded Fabrication from testpiezo.obj
2024-08-02 13:43:23,857 Interface.src.presenters.FabricationSimulation.FabricationSimulationPresenter - Started fabrication simulation on 1tasks.
2024-08-02 13:44:31,010 Interface.src.presenters.FileImporters.FileLoadingPresenter - Loaded Fabrication from Grid3.obj
2024-08-02 13:44:37,412 Interface.src.presenters.FabricationSimulation.FabricationSimulationPresenter - Ended fabrication simulation.
2024-08-02 13:44:42,234 Interface.src.presenters.FabricationSimulation.FabricationSimulationPresenter - Started fabrication simulation on 1tasks.
2024-08-02 13:47:38,880 Interface.src.presenters.FabricationSimulation.FabricationSimulationPresenter - Ended fabrication simulation.
2024-08-02 13:47:44,117 Interface.src.presenters.FileImporters.FileLoadingPresenter - Loaded polyhedron 542_modele_1-a43b672e-e284-499e-bd2f-9687972ab056 from 542_modele_1.stl
2024-08-02 13:48:08,398 Interface.src.presenters.FileImporters.FileLoadingPresenter - Loaded polyhedron 542_modele_1-0a05a84a-eaef-4873-842e-9c14b4999676 from 542_modele_1.stl
